[01m[K/home/romain/catkin_ws/src/collision_avoidance/src/coll_avoid.cpp:[m[K In constructor â€˜[01m[Kcoll_avoid::coll_avoid()[m[Kâ€™:
[01m[K/home/romain/catkin_ws/src/collision_avoidance/src/coll_avoid.cpp:30:68:[m[K [01;31m[Kerror: [m[Kâ€˜[01m[KTeleopTurtle[m[Kâ€™ has not been declared
  speed_sub = nh_.subscribe<sensor_msgs::Joy>("treated_speed", 10, &TeleopTurtle::joyCallback, this);
[01;32m[K                                                                    ^[m[K
[01m[K/home/romain/catkin_ws/src/collision_avoidance/src/coll_avoid.cpp:31:70:[m[K [01;31m[Kerror: [m[Kâ€˜[01m[KTeleopTurtle[m[Kâ€™ has not been declared
  distance_sub = nh_.subscribe<sensor_msgs::Joy>("vision_robot", 10, &TeleopTurtle::pc_callback, this);
[01;32m[K                                                                      ^[m[K
[01m[K/home/romain/catkin_ws/src/collision_avoidance/src/coll_avoid.cpp:[m[K In member function â€˜[01m[Kvoid coll_avoid::joyCallback(const ConstPtr&)[m[Kâ€™:
[01m[K/home/romain/catkin_ws/src/collision_avoidance/src/coll_avoid.cpp:36:20:[m[K [01;31m[Kerror: [m[Kâ€˜[01m[Ka_scale_[m[Kâ€™ was not declared in this scope
  twist.angular.z = a_scale_*joy->axes[angular_];
[01;32m[K                    ^[m[K
[01m[K/home/romain/catkin_ws/src/collision_avoidance/src/coll_avoid.cpp:36:39:[m[K [01;31m[Kerror: [m[Kâ€˜[01m[Kangular_[m[Kâ€™ was not declared in this scope
  twist.angular.z = a_scale_*joy->axes[angular_];
[01;32m[K                                       ^[m[K
[01m[K/home/romain/catkin_ws/src/collision_avoidance/src/coll_avoid.cpp:37:19:[m[K [01;31m[Kerror: [m[Kâ€˜[01m[Kl_scale_[m[Kâ€™ was not declared in this scope
  twist.linear.x = l_scale_*joy->axes[linear_]; 
[01;32m[K                   ^[m[K
[01m[K/home/romain/catkin_ws/src/collision_avoidance/src/coll_avoid.cpp:37:38:[m[K [01;31m[Kerror: [m[Kâ€˜[01m[Klinear_[m[Kâ€™ was not declared in this scope
  twist.linear.x = l_scale_*joy->axes[linear_]; 
[01;32m[K                                      ^[m[K
[01m[K/home/romain/catkin_ws/src/collision_avoidance/src/coll_avoid.cpp:[m[K At global scope:
[01m[K/home/romain/catkin_ws/src/collision_avoidance/src/coll_avoid.cpp:42:6:[m[K [01;31m[Kerror: [m[Kprototype for â€˜[01m[Kvoid coll_avoid::pc_callback(sensor_msgs::PointCloud2ConstPtr)[m[Kâ€™ does not match any in class â€˜[01m[Kcoll_avoid[m[Kâ€™
 void coll_avoid::pc_callback(const sensor_msgs::PointCloud2ConstPtr msg) {
[01;32m[K      ^[m[K
[01m[K/home/romain/catkin_ws/src/collision_avoidance/src/coll_avoid.cpp:13:7:[m[K [01;31m[Kerror: [m[Kcandidate is: void coll_avoid::pc_callback(const ConstPtr&)
  void pc_callback(const sensor_msgs::Joy::ConstPtr& joy);
[01;32m[K       ^[m[K
make[2]: *** [CMakeFiles/collision_avoidance.dir/src/coll_avoid.cpp.o] Erreur 1
make[1]: *** [CMakeFiles/collision_avoidance.dir/all] Erreur 2
make: *** [all] Erreur 2
